Performing C SOURCE FILE Test CMAKE_HAVE_LIBC_PTHREAD failed with the following output:
Change Dir: /mnt/c/Users/Wesle/OneDrive/Desktop/CS/Semester 2/CS 6850/src/Concurrent-Linked-Lists/build/CMakeFiles/CMakeTmp

Run Build Command(s):/usr/bin/make cmTC_dfd2c/fast && /usr/bin/make -f CMakeFiles/cmTC_dfd2c.dir/build.make CMakeFiles/cmTC_dfd2c.dir/build
make[1]: Entering directory '/mnt/c/Users/Wesle/OneDrive/Desktop/CS/Semester 2/CS 6850/src/Concurrent-Linked-Lists/build/CMakeFiles/CMakeTmp'
Building C object CMakeFiles/cmTC_dfd2c.dir/src.c.o
/bin/gcc-9   -DCMAKE_HAVE_LIBC_PTHREAD   -o CMakeFiles/cmTC_dfd2c.dir/src.c.o   -c "/mnt/c/Users/Wesle/OneDrive/Desktop/CS/Semester 2/CS 6850/src/Concurrent-Linked-Lists/build/CMakeFiles/CMakeTmp/src.c"
Linking C executable cmTC_dfd2c
/usr/bin/cmake -E cmake_link_script CMakeFiles/cmTC_dfd2c.dir/link.txt --verbose=1
/bin/gcc-9  -DCMAKE_HAVE_LIBC_PTHREAD    CMakeFiles/cmTC_dfd2c.dir/src.c.o  -o cmTC_dfd2c 
/usr/bin/ld: CMakeFiles/cmTC_dfd2c.dir/src.c.o: in function `main':
src.c:(.text+0x46): undefined reference to `pthread_create'
/usr/bin/ld: src.c:(.text+0x52): undefined reference to `pthread_detach'
/usr/bin/ld: src.c:(.text+0x63): undefined reference to `pthread_join'
collect2: error: ld returned 1 exit status
make[1]: *** [CMakeFiles/cmTC_dfd2c.dir/build.make:87: cmTC_dfd2c] Error 1
make[1]: Leaving directory '/mnt/c/Users/Wesle/OneDrive/Desktop/CS/Semester 2/CS 6850/src/Concurrent-Linked-Lists/build/CMakeFiles/CMakeTmp'
make: *** [Makefile:121: cmTC_dfd2c/fast] Error 2


Source file was:
#include <pthread.h>

void* test_func(void* data)
{
  return data;
}

int main(void)
{
  pthread_t thread;
  pthread_create(&thread, NULL, test_func, NULL);
  pthread_detach(thread);
  pthread_join(thread, NULL);
  pthread_atfork(NULL, NULL, NULL);
  pthread_exit(NULL);

  return 0;
}

